<?xml version="1.0" encoding="UTF-8"?>
<!-- Generated by org.testng.reporters.JUnitReportReporter -->
<testsuite hostname="Jangbu" failures="0" tests="1" name="United.TestUnitedHomepage" time="11.990" errors="0" timestamp="03 Apr 2023 02:19:43 GMT" skipped="0">
  <testcase classname="United.TestUnitedHomepage" name="TestunitedFeedback" time="11.990"/>
</testsuite> <!-- United.TestUnitedHomepage -->
