<?xml version="1.0" encoding="UTF-8"?>
<!-- Generated by org.testng.reporters.JUnitReportReporter -->
<testsuite hostname="Jangbu" failures="0" tests="2" name="Etsy.TestEtsyHomepage" time="11.241" errors="0" timestamp="03 Apr 2023 02:19:43 GMT" skipped="0">
  <testcase classname="Etsy.TestEtsyHomepage" name="testjeweleryProduct" time="4.441"/>
  <testcase classname="Etsy.TestEtsyHomepage" name="testEtsyProduct" time="6.800"/>
</testsuite> <!-- Etsy.TestEtsyHomepage -->
